Module : Az.Resources
Cmdlet : New-AzResourceGroupDeployment
Parameters
 -Name : new-storage1
 -ResourceGroupName : Ayanfe-Resource
 -TemplateFile : azuredeploy.json
 -storageName : ayanfestorage199999F

[Common.Authentication]: Authenticating using Account: 'oluwafemi.aina@tek-experts.com', environment: 'AzureCloud', tenant: 'ffcea58c-766b-4eea-9684-92cc7cb3c5e9'
2:06:43 PM - [SilentAuthenticator] Calling SharedTokenCacheCredential.GetTokenAsync - TenantId:'ffcea58c-766b-4eea-9684-92cc7cb3c5e9', Scopes:'https://management.core.windows.net//.default', AuthorityHost:'https://login.microsoftonline.com/', UserId:'oluwafemi.aina@tek-experts.com'
SharedTokenCacheCredential.GetToken invoked. Scopes: [ https://management.core.windows.net//.default ] ParentRequestId: 
(False) MSAL 4.30.1.0 MSAL.Desktop Windows 10 Pro [11/24/2021 14:06:43 - ] Azure region was not configured or could not be discovered. Not using a regional authority.
(False) MSAL 4.30.1.0 MSAL.Desktop Windows 10 Pro [11/24/2021 14:06:43] Found 1 cache accounts and 0 broker accounts
(False) MSAL 4.30.1.0 MSAL.Desktop Windows 10 Pro [11/24/2021 14:06:43] Returning 1 accounts
(False) MSAL 4.30.1.0 MSAL.Desktop Windows 10 Pro [11/24/2021 14:06:43 - ] MSAL MSAL.Desktop with assembly version '4.30.1.0'. CorrelationId(9d7e7865-fa73-406e-bb4f-fe213a3e5360)
(False) MSAL 4.30.1.0 MSAL.Desktop Windows 10 Pro [11/24/2021 14:06:43 - ] === AcquireTokenSilent Parameters ===
(False) MSAL 4.30.1.0 MSAL.Desktop Windows 10 Pro [11/24/2021 14:06:43 - ] LoginHint provided: False
(False) MSAL 4.30.1.0 MSAL.Desktop Windows 10 Pro [11/24/2021 14:06:43 - ] Account provided: True
(False) MSAL 4.30.1.0 MSAL.Desktop Windows 10 Pro [11/24/2021 14:06:43 - ] ForceRefresh: False
(False) MSAL 4.30.1.0 MSAL.Desktop Windows 10 Pro [11/24/2021 14:06:43 - ] 
=== Request Data ===
Authority Provided? - True
Scopes - https://management.core.windows.net//.default
Extra Query Params Keys (space separated) - 
ApiId - AcquireTokenSilent
IsConfidentialClient - False
SendX5C - False
LoginHint ? False
IsBrokerConfigured - False
HomeAccountId - False
CorrelationId - 9d7e7865-fa73-406e-bb4f-fe213a3e5360

(False) MSAL 4.30.1.0 MSAL.Desktop Windows 10 Pro [11/24/2021 14:06:43 - ] === Token Acquisition (SilentRequest) started:
	
	Authority Host: login.microsoftonline.com
(False) MSAL 4.30.1.0 MSAL.Desktop Windows 10 Pro [11/24/2021 14:06:43 - ] Azure region was not configured or could not be discovered. Not using a regional authority.
(False) MSAL 4.30.1.0 MSAL.Desktop Windows 10 Pro [11/24/2021 14:06:43 - ] Access token is not expired. Returning the found cache entry. [Current time (11/24/2021 14:06:43) - Expiration Time (11/24/2021 15:35:25 +00:00) - Extended Expiration Time (11/24/2021 15:35:25 +00:00)]
(False) MSAL 4.30.1.0 MSAL.Desktop Windows 10 Pro [11/24/2021 14:06:43 - ] Returning access token found in cache. RefreshOn exists ? False
(False) MSAL 4.30.1.0 MSAL.Desktop Windows 10 Pro [11/24/2021 14:06:43 - ] Fetched access token from host login.microsoftonline.com. 
(False) MSAL 4.30.1.0 MSAL.Desktop Windows 10 Pro [11/24/2021 14:06:43 - ] === Token Acquisition finished successfully. An access token was returned with Expiration Time: 11/24/2021 15:35:25 +00:00 and Scopes https://management.core.windows.net//user_impersonation https://management.core.windows.net//.default
SharedTokenCacheCredential.GetToken succeeded. Scopes: [ https://management.core.windows.net//.default ] ParentRequestId:  ExpiresOn: 2021-11-24T15:35:25.0000000+00:00
[Common.Authentication]: Received token with LoginType 'User', Tenant: 'ffcea58c-766b-4eea-9684-92cc7cb3c5e9', UserId: 'oluwafemi.aina@tek-experts.com'
============================ HTTP REQUEST ============================

HTTP Method:
POST

Absolute Uri:
https://management.azure.com/subscriptions/eb682f6e-1934-4ce4-a41e-c78eea352117/resourcegroups/Ayanfe-Resource/providers/Microsoft.Resources/deployments/new-storage1/validate?api-version=2021-04-01

Headers:
x-ms-client-request-id        : 61d76c5a-d14c-476a-9c56-f69553e079ac
accept-language               : en-US

Body:
{
  "properties": {
    "template": {
      "$schema": "https://schema.management.azure.com/schemas/2019-04-01/deploymentTemplate.json#",
      "contentVersion": "1.0.0.0",
      "parameters": {
        "storageName": {
          "type": "string",
          "minLength": 3,
          "maxLength": 24
        }
      },
      "functions": [],
      "variables": {},
      "resources": [
        {
          "name": "[parameters('storageName')]",
          "type": "Microsoft.Storage/storageAccounts",
          "apiVersion": "2021-04-01",
          "tags": {
            "displayName": "test-storage"
          },
          "location": "[resourceGroup().location]",
          "kind": "Storage",
          "sku": {
            "name": "Standard_GRS"
          }
        }
      ],
      "outputs": {}
    },
    "parameters": {
      "storageName": {
        "value": "ayanfestorage199999F"
      }
    },
    "mode": "Incremental"
  }
}


============================ HTTP RESPONSE ============================

Status Code:
BadRequest

Headers:
Pragma                        : no-cache
x-ms-failure-cause            : gateway
x-ms-ratelimit-remaining-subscription-writes: 1199
x-ms-request-id               : 823986b6-fcdf-4daa-a82f-5009be28f7ae
x-ms-correlation-request-id   : 823986b6-fcdf-4daa-a82f-5009be28f7ae
x-ms-routing-request-id       : EASTUS:20211124T140646Z:823986b6-fcdf-4daa-a82f-5009be28f7ae
Strict-Transport-Security     : max-age=31536000; includeSubDomains
X-Content-Type-Options        : nosniff
Cache-Control                 : no-cache
Date                          : Wed, 24 Nov 2021 14:06:45 GMT

Body:
{
  "error": {
    "code": "InvalidTemplateDeployment",
    "message": "The template deployment 'new-storage1' is not valid according to the validation procedure. The tracking id is '823986b6-fcdf-4daa-a82f-5009be28f7ae'. See inner errors for details.",
    "details": [
      {
        "code": "PreflightValidationCheckFailed",
        "message": "Preflight validation failed. Please refer to the details for the specific errors.",
        "details": [
          {
            "code": "AccountNameInvalid",
            "target": "ayanfestorage199999F",
            "message": "ayanfestorage199999F is not a valid storage account name. Storage account name must be between 3 and 24 characters in length and use numbers and lower-case letters only."
          }
        ]
      }
    ]
  }
}


