Module : Az.Resources
Cmdlet : New-AzResourceGroupDeployment
Parameters
 -ResourceGroupName : Ayanfe-Resource
 -TemplateFile : network-and-subnet.json

[Common.Authentication]: Authenticating using Account: 'oluwafemi.aina@tek-experts.com', environment: 'AzureCloud', tenant: 'ffcea58c-766b-4eea-9684-92cc7cb3c5e9'
1:42:10 PM - [SilentAuthenticator] Calling SharedTokenCacheCredential.GetTokenAsync - TenantId:'ffcea58c-766b-4eea-9684-92cc7cb3c5e9', Scopes:'https://management.core.windows.net//.default', AuthorityHost:'https://login.microsoftonline.com/', UserId:'oluwafemi.aina@tek-experts.com'
SharedTokenCacheCredential.GetToken invoked. Scopes: [ https://management.core.windows.net//.default ] ParentRequestId: 
(False) MSAL 4.30.1.0 MSAL.Desktop Windows 10 Pro [11/25/2021 13:42:10 - ] Azure region was not configured or could not be discovered. Not using a regional authority.
(False) MSAL 4.30.1.0 MSAL.Desktop Windows 10 Pro [11/25/2021 13:42:10] Found 1 cache accounts and 0 broker accounts
(False) MSAL 4.30.1.0 MSAL.Desktop Windows 10 Pro [11/25/2021 13:42:10] Returning 1 accounts
(False) MSAL 4.30.1.0 MSAL.Desktop Windows 10 Pro [11/25/2021 13:42:10 - ] MSAL MSAL.Desktop with assembly version '4.30.1.0'. CorrelationId(d1dd46c8-d0af-4c37-90e5-6bd3fc53afd8)
(False) MSAL 4.30.1.0 MSAL.Desktop Windows 10 Pro [11/25/2021 13:42:10 - ] === AcquireTokenSilent Parameters ===
(False) MSAL 4.30.1.0 MSAL.Desktop Windows 10 Pro [11/25/2021 13:42:10 - ] LoginHint provided: False
(False) MSAL 4.30.1.0 MSAL.Desktop Windows 10 Pro [11/25/2021 13:42:10 - ] Account provided: True
(False) MSAL 4.30.1.0 MSAL.Desktop Windows 10 Pro [11/25/2021 13:42:10 - ] ForceRefresh: False
(False) MSAL 4.30.1.0 MSAL.Desktop Windows 10 Pro [11/25/2021 13:42:10 - ] 
=== Request Data ===
Authority Provided? - True
Scopes - https://management.core.windows.net//.default
Extra Query Params Keys (space separated) - 
ApiId - AcquireTokenSilent
IsConfidentialClient - False
SendX5C - False
LoginHint ? False
IsBrokerConfigured - False
HomeAccountId - False
CorrelationId - d1dd46c8-d0af-4c37-90e5-6bd3fc53afd8

(False) MSAL 4.30.1.0 MSAL.Desktop Windows 10 Pro [11/25/2021 13:42:10 - ] === Token Acquisition (SilentRequest) started:
	
	Authority Host: login.microsoftonline.com
(False) MSAL 4.30.1.0 MSAL.Desktop Windows 10 Pro [11/25/2021 13:42:10 - ] Azure region was not configured or could not be discovered. Not using a regional authority.
(False) MSAL 4.30.1.0 MSAL.Desktop Windows 10 Pro [11/25/2021 13:42:10 - ] Access token is not expired. Returning the found cache entry. [Current time (11/25/2021 13:42:10) - Expiration Time (11/25/2021 14:36:42 +00:00) - Extended Expiration Time (11/25/2021 14:36:42 +00:00)]
(False) MSAL 4.30.1.0 MSAL.Desktop Windows 10 Pro [11/25/2021 13:42:10 - ] Returning access token found in cache. RefreshOn exists ? False
(False) MSAL 4.30.1.0 MSAL.Desktop Windows 10 Pro [11/25/2021 13:42:10 - ] Fetched access token from host login.microsoftonline.com. 
(False) MSAL 4.30.1.0 MSAL.Desktop Windows 10 Pro [11/25/2021 13:42:10 - ] === Token Acquisition finished successfully. An access token was returned with Expiration Time: 11/25/2021 14:36:42 +00:00 and Scopes https://management.core.windows.net//user_impersonation https://management.core.windows.net//.default
SharedTokenCacheCredential.GetToken succeeded. Scopes: [ https://management.core.windows.net//.default ] ParentRequestId:  ExpiresOn: 2021-11-25T14:36:42.0000000+00:00
[Common.Authentication]: Received token with LoginType 'User', Tenant: 'ffcea58c-766b-4eea-9684-92cc7cb3c5e9', UserId: 'oluwafemi.aina@tek-experts.com'
============================ HTTP REQUEST ============================

HTTP Method:
POST

Absolute Uri:
https://management.azure.com/subscriptions/eb682f6e-1934-4ce4-a41e-c78eea352117/resourcegroups/Ayanfe-Resource/providers/Microsoft.Resources/deployments/network-and-subnet/validate?api-version=2021-04-01

Headers:
x-ms-client-request-id        : f0aa1ef7-73f7-4bdf-ae2e-5afd90d036f8
accept-language               : en-US

Body:
{
  "properties": {
    "template": {
      "$schema": "https://schema.management.azure.com/schemas/2019-04-01/deploymentTemplate.json#",
      "contentVersion": "1.0.0.0",
      "parameters": {},
      "functions": [],
      "variables": {
        "virtualNetworkName": "[concat('vnet', uniqueString(resourceGroup().id))]",
        "subnetName": "[concat('subnet', uniqueString(resourceGroup().id))]",
        "nicName": "[concat('nic', uniqueString(resourceGroup().id))]",
        "ipConfigName": "[concat('ipConfig', uniqueString(resourceGroup().id))]"
      },
      "resources": [
        {
          "name": "[variables('virtualNetworkName')]",
          "type": "Microsoft.Network/virtualNetworks",
          "apiVersion": "2020-11-01",
          "location": "[resourceGroup().location]",
          "tags": {
            "displayName": "virtualNetwork1"
          },
          "properties": {
            "addressSpace": {
              "addressPrefixes": [
                "10.0.2.0/16"
              ]
            },
            "subnets": [
              {
                "name": "[variables('subnetName')]",
                "properties": {
                  "addressPrefix": "10.0.2.0/24"
                }
              }
            ]
          }
        },
        {
          "name": "[variables('nicName')]",
          "type": "Microsoft.Network/networkInterfaces",
          "apiVersion": "2020-11-01",
          "location": "[resourceGroup().location]",
          "tags": {
            "displayName": "networkInterface1"
          },
          "dependsOn": [
            "[resourceId('Microsoft.Network/virtualNetworks', variables('virtualNetworkName'))]"
          ],
          "properties": {
            "ipConfigurations": [
              {
                "name": "[variables('ipConfigName')]",
                "properties": {
                  "privateIPAllocationMethod": "Dynamic",
                  "subnet": {
                    "id": "[resourceId('Microsoft.Network/virtualNetworks/subnets', 'virtualNetwork1', 'subnet1')]"
                  }
                }
              }
            ]
          }
        }
      ],
      "outputs": {}
    },
    "parameters": {},
    "mode": "Incremental"
  }
}


============================ HTTP RESPONSE ============================

Status Code:
BadRequest

Headers:
Pragma                        : no-cache
x-ms-failure-cause            : gateway
x-ms-ratelimit-remaining-subscription-writes: 1199
x-ms-request-id               : cfd1a8c8-d2a2-486e-bbb2-e10e8d02c8e9
x-ms-correlation-request-id   : cfd1a8c8-d2a2-486e-bbb2-e10e8d02c8e9
x-ms-routing-request-id       : EASTUS:20211125T134212Z:cfd1a8c8-d2a2-486e-bbb2-e10e8d02c8e9
Strict-Transport-Security     : max-age=31536000; includeSubDomains
X-Content-Type-Options        : nosniff
Cache-Control                 : no-cache
Date                          : Thu, 25 Nov 2021 13:42:12 GMT

Body:
{
  "error": {
    "code": "InvalidTemplateDeployment",
    "message": "The template deployment 'network-and-subnet' is not valid according to the validation procedure. The tracking id is 'cfd1a8c8-d2a2-486e-bbb2-e10e8d02c8e9'. See inner errors for details.",
    "details": [
      {
        "code": "InvalidCIDRNotation",
        "message": "The address prefix 10.0.2.0/16 in resource /subscriptions/eb682f6e-1934-4ce4-a41e-c78eea352117/resourceGroups/Ayanfe-Resource/providers/Microsoft.Network/virtualNetworks/vnetfh527dg2imwdy has an invalid CIDR notation. For the given prefix length, the address prefix should be 10.0.0.0/16.",
        "details": []
      }
    ]
  }
}


