Module : Az.Resources
Cmdlet : New-AzResourceGroupDeployment
Parameters
 -Name : new-storage1
 -ResourceGroupName : Ayanfe-Resource
 -TemplateFile : azuredeploy.json
 -storageName : ayanfestorage199999F

[Common.Authentication]: Authenticating using Account: 'oluwafemi.aina@tek-experts.com', environment: 'AzureCloud', tenant: 'ffcea58c-766b-4eea-9684-92cc7cb3c5e9'
2:05:46 PM - [SilentAuthenticator] Calling SharedTokenCacheCredential.GetTokenAsync - TenantId:'ffcea58c-766b-4eea-9684-92cc7cb3c5e9', Scopes:'https://management.core.windows.net//.default', AuthorityHost:'https://login.microsoftonline.com/', UserId:'oluwafemi.aina@tek-experts.com'
SharedTokenCacheCredential.GetToken invoked. Scopes: [ https://management.core.windows.net//.default ] ParentRequestId: 
(False) MSAL 4.30.1.0 MSAL.Desktop Windows 10 Pro [11/24/2021 14:05:46 - ] Azure region was not configured or could not be discovered. Not using a regional authority.
(False) MSAL 4.30.1.0 MSAL.Desktop Windows 10 Pro [11/24/2021 14:05:46] Found 1 cache accounts and 0 broker accounts
(False) MSAL 4.30.1.0 MSAL.Desktop Windows 10 Pro [11/24/2021 14:05:46] Returning 1 accounts
(False) MSAL 4.30.1.0 MSAL.Desktop Windows 10 Pro [11/24/2021 14:05:46 - ] MSAL MSAL.Desktop with assembly version '4.30.1.0'. CorrelationId(fc8b7e6a-3ab4-4212-813a-c19cf576c595)
(False) MSAL 4.30.1.0 MSAL.Desktop Windows 10 Pro [11/24/2021 14:05:46 - ] === AcquireTokenSilent Parameters ===
(False) MSAL 4.30.1.0 MSAL.Desktop Windows 10 Pro [11/24/2021 14:05:46 - ] LoginHint provided: False
(False) MSAL 4.30.1.0 MSAL.Desktop Windows 10 Pro [11/24/2021 14:05:46 - ] Account provided: True
(False) MSAL 4.30.1.0 MSAL.Desktop Windows 10 Pro [11/24/2021 14:05:46 - ] ForceRefresh: False
(False) MSAL 4.30.1.0 MSAL.Desktop Windows 10 Pro [11/24/2021 14:05:46 - ] 
=== Request Data ===
Authority Provided? - True
Scopes - https://management.core.windows.net//.default
Extra Query Params Keys (space separated) - 
ApiId - AcquireTokenSilent
IsConfidentialClient - False
SendX5C - False
LoginHint ? False
IsBrokerConfigured - False
HomeAccountId - False
CorrelationId - fc8b7e6a-3ab4-4212-813a-c19cf576c595

(False) MSAL 4.30.1.0 MSAL.Desktop Windows 10 Pro [11/24/2021 14:05:46 - ] === Token Acquisition (SilentRequest) started:
	
	Authority Host: login.microsoftonline.com
(False) MSAL 4.30.1.0 MSAL.Desktop Windows 10 Pro [11/24/2021 14:05:46 - ] Azure region was not configured or could not be discovered. Not using a regional authority.
(False) MSAL 4.30.1.0 MSAL.Desktop Windows 10 Pro [11/24/2021 14:05:46 - ] Access token has expired or about to expire. [Current time (11/24/2021 14:05:46) - Expiration Time (11/24/2021 08:04:32 +00:00) - Extended Expiration Time (11/24/2021 08:04:32 +00:00)]
(False) MSAL 4.30.1.0 MSAL.Desktop Windows 10 Pro [11/24/2021 14:05:46 - ] Azure region was not configured or could not be discovered. Not using a regional authority.
(False) MSAL 4.30.1.0 MSAL.Desktop Windows 10 Pro [11/24/2021 14:05:46 - ] Azure region was not configured or could not be discovered. Not using a regional authority.
(False) MSAL 4.30.1.0 MSAL.Desktop Windows 10 Pro [11/24/2021 14:05:46 - ] Refresh token found in the cache? - True
(False) MSAL 4.30.1.0 MSAL.Desktop Windows 10 Pro [11/24/2021 14:05:46 - ] Azure region was not configured or could not be discovered. Not using a regional authority.
(False) MSAL 4.30.1.0 MSAL.Desktop Windows 10 Pro [11/24/2021 14:05:46 - ] Fetching instance discovery from the network from host login.microsoftonline.com. 
Request [c5579475-1c5f-471f-b288-4d8662747b1b] GET https://login.microsoftonline.com/common/discovery/instance?api-version=REDACTED&authorization_endpoint=REDACTED
x-client-SKU:REDACTED
x-client-Ver:REDACTED
x-client-CPU:REDACTED
x-client-OS:REDACTED
client-request-id:REDACTED
return-client-request-id:REDACTED
x-app-name:REDACTED
x-app-ver:REDACTED
x-ms-client-request-id:c5579475-1c5f-471f-b288-4d8662747b1b
x-ms-return-client-request-id:true
User-Agent:azsdk-net-Identity/1.5.0,(.NET Framework 4.8.4420.0; Microsoft Windows 10.0.19042 )
client assembly: Azure.Identity
Response [c5579475-1c5f-471f-b288-4d8662747b1b] 200 OK (00.1s)
Strict-Transport-Security:REDACTED
X-Content-Type-Options:REDACTED
Access-Control-Allow-Origin:REDACTED
Access-Control-Allow-Methods:REDACTED
client-request-id:REDACTED
x-ms-request-id:2e2b67f3-3814-4152-b365-69dcaa14d700
x-ms-ests-server:REDACTED
Cache-Control:max-age=86400, private
P3P:REDACTED
Set-Cookie:REDACTED
Date:Wed, 24 Nov 2021 14:05:47 GMT
Content-Length:980
Content-Type:application/json; charset=utf-8

(False) MSAL 4.30.1.0 MSAL.Desktop Windows 10 Pro [11/24/2021 14:05:47 - ] Authority validation enabled? True. 
(False) MSAL 4.30.1.0 MSAL.Desktop Windows 10 Pro [11/24/2021 14:05:47 - ] Authority validation - is known env? True. 
(False) MSAL 4.30.1.0 MSAL.Desktop Windows 10 Pro [11/24/2021 14:05:47 - ] Resolving authority endpoints... Already resolved? - FALSE
Request [0e335e9b-42bf-46d1-af63-4b5bfb03b136] POST https://login.microsoftonline.com/ffcea58c-766b-4eea-9684-92cc7cb3c5e9/oauth2/v2.0/token
x-client-SKU:REDACTED
x-client-Ver:REDACTED
x-client-CPU:REDACTED
x-client-OS:REDACTED
x-client-current-telemetry:REDACTED
x-client-last-telemetry:REDACTED
x-ms-lib-capability:REDACTED
client-request-id:REDACTED
return-client-request-id:REDACTED
x-app-name:REDACTED
x-app-ver:REDACTED
x-ms-client-request-id:0e335e9b-42bf-46d1-af63-4b5bfb03b136
x-ms-return-client-request-id:true
User-Agent:azsdk-net-Identity/1.5.0,(.NET Framework 4.8.4420.0; Microsoft Windows 10.0.19042 )
Content-Type:application/x-www-form-urlencoded
client assembly: Azure.Identity
Response [0e335e9b-42bf-46d1-af63-4b5bfb03b136] 200 OK (00.2s)
Pragma:no-cache
Strict-Transport-Security:REDACTED
X-Content-Type-Options:REDACTED
client-request-id:REDACTED
x-ms-request-id:42091dff-1fd4-46f6-b410-16c4dec66500
x-ms-ests-server:REDACTED
x-ms-clitelem:REDACTED
Cache-Control:no-store, no-cache
P3P:REDACTED
Set-Cookie:REDACTED
Date:Wed, 24 Nov 2021 14:05:47 GMT
Content-Length:4921
Content-Type:application/json; charset=utf-8
Expires:-1

(False) MSAL 4.30.1.0 MSAL.Desktop Windows 10 Pro [11/24/2021 14:05:47 - ] Checking client info returned from the server..
(False) MSAL 4.30.1.0 MSAL.Desktop Windows 10 Pro [11/24/2021 14:05:47 - ] Saving Token Response to cache..
(False) MSAL 4.30.1.0 MSAL.Desktop Windows 10 Pro [11/24/2021 14:05:47 - ] Subject not present in Id token
(False) MSAL 4.30.1.0 MSAL.Desktop Windows 10 Pro [11/24/2021 14:05:47 - ] Azure region was not configured or could not be discovered. Not using a regional authority.
(False) MSAL 4.30.1.0 MSAL.Desktop Windows 10 Pro [11/24/2021 14:05:47 - ] Saving AT in cache and removing overlapping ATs...
(False) MSAL 4.30.1.0 MSAL.Desktop Windows 10 Pro [11/24/2021 14:05:47 - ] Looking for scopes for the authority in the cache which intersect with https://management.core.windows.net//.default
(False) MSAL 4.30.1.0 MSAL.Desktop Windows 10 Pro [11/24/2021 14:05:47 - ] Intersecting scope entries count - 1
(False) MSAL 4.30.1.0 MSAL.Desktop Windows 10 Pro [11/24/2021 14:05:47 - ] Matching entries after filtering by user - 1
(False) MSAL 4.30.1.0 MSAL.Desktop Windows 10 Pro [11/24/2021 14:05:47 - ] Saving Id Token and Account in cache ...
(False) MSAL 4.30.1.0 MSAL.Desktop Windows 10 Pro [11/24/2021 14:05:47 - ] Saving RT in cache...
(False) MSAL 4.30.1.0 MSAL.Desktop Windows 10 Pro [11/24/2021 14:05:47] Not writing FRT in ADAL legacy cache. 
(False) MSAL 4.30.1.0 MSAL.Desktop Windows 10 Pro [11/24/2021 14:05:47 - ] Fetched access token from host login.microsoftonline.com. 
(False) MSAL 4.30.1.0 MSAL.Desktop Windows 10 Pro [11/24/2021 14:05:47 - ] === Token Acquisition finished successfully. An access token was returned with Expiration Time: 11/24/2021 15:35:25 +00:00 and Scopes https://management.core.windows.net//user_impersonation https://management.core.windows.net//.default
SharedTokenCacheCredential.GetToken succeeded. Scopes: [ https://management.core.windows.net//.default ] ParentRequestId:  ExpiresOn: 2021-11-24T15:35:25.0000000+00:00
[Common.Authentication]: Received token with LoginType 'User', Tenant: 'ffcea58c-766b-4eea-9684-92cc7cb3c5e9', UserId: 'oluwafemi.aina@tek-experts.com'
============================ HTTP REQUEST ============================

HTTP Method:
POST

Absolute Uri:
https://management.azure.com/subscriptions/eb682f6e-1934-4ce4-a41e-c78eea352117/resourcegroups/Ayanfe-Resource/providers/Microsoft.Resources/deployments/new-storage1/validate?api-version=2021-04-01

Headers:
x-ms-client-request-id        : 1e87cc43-2575-4942-8f77-34256cf78662
accept-language               : en-US

Body:
{
  "properties": {
    "template": {
      "$schema": "https://schema.management.azure.com/schemas/2019-04-01/deploymentTemplate.json#",
      "contentVersion": "1.0.0.0",
      "parameters": {
        "storageName": {
          "type": "string",
          "minLength": 3,
          "maxLength": 24
        }
      },
      "functions": [],
      "variables": {},
      "resources": [
        {
          "name": "[parameters('storageName')]",
          "type": "Microsoft.Storage/storageAccounts",
          "apiVersion": "2021-04-01",
          "tags": {
            "displayName": "test-storage"
          },
          "location": "[resourceGroup().location]",
          "kind": "Storage",
          "sku": {
            "name": "Standard_GRS"
          }
        }
      ],
      "outputs": {}
    },
    "parameters": {
      "storageName": {
        "value": "ayanfestorage199999F"
      }
    },
    "mode": "Incremental"
  }
}


============================ HTTP RESPONSE ============================

Status Code:
BadRequest

Headers:
Pragma                        : no-cache
x-ms-failure-cause            : gateway
x-ms-ratelimit-remaining-subscription-writes: 1199
x-ms-request-id               : 77a0f3e9-75f2-48ed-b329-cfc92d4c5d8f
x-ms-correlation-request-id   : 77a0f3e9-75f2-48ed-b329-cfc92d4c5d8f
x-ms-routing-request-id       : EASTUS:20211124T140549Z:77a0f3e9-75f2-48ed-b329-cfc92d4c5d8f
Strict-Transport-Security     : max-age=31536000; includeSubDomains
X-Content-Type-Options        : nosniff
Cache-Control                 : no-cache
Date                          : Wed, 24 Nov 2021 14:05:48 GMT

Body:
{
  "error": {
    "code": "InvalidTemplateDeployment",
    "message": "The template deployment 'new-storage1' is not valid according to the validation procedure. The tracking id is '77a0f3e9-75f2-48ed-b329-cfc92d4c5d8f'. See inner errors for details.",
    "details": [
      {
        "code": "PreflightValidationCheckFailed",
        "message": "Preflight validation failed. Please refer to the details for the specific errors.",
        "details": [
          {
            "code": "AccountNameInvalid",
            "target": "ayanfestorage199999F",
            "message": "ayanfestorage199999F is not a valid storage account name. Storage account name must be between 3 and 24 characters in length and use numbers and lower-case letters only."
          }
        ]
      }
    ]
  }
}


