Module : Az.Resources
Cmdlet : New-AzResourceGroupDeployment
Parameters
 -ResourceGroupName : Ayanfe-Resource
 -TemplateFile : multiple-RSVaults.json
 -DeploymentDebugLogLevel : All

[Common.Authentication]: Authenticating using Account: 'oluwafemi.aina@tek-experts.com', environment: 'AzureCloud', tenant: 'ffcea58c-766b-4eea-9684-92cc7cb3c5e9'
7:10:04 AM - [SilentAuthenticator] Calling SharedTokenCacheCredential.GetTokenAsync - TenantId:'ffcea58c-766b-4eea-9684-92cc7cb3c5e9', Scopes:'https://management.core.windows.net//.default', AuthorityHost:'https://login.microsoftonline.com/', UserId:'oluwafemi.aina@tek-experts.com'
SharedTokenCacheCredential.GetToken invoked. Scopes: [ https://management.core.windows.net//.default ] ParentRequestId: 
(False) MSAL 4.30.1.0 MSAL.Desktop Windows 10 Pro [11/26/2021 07:10:04 - ] Azure region was not configured or could not be discovered. Not using a regional authority.
(False) MSAL 4.30.1.0 MSAL.Desktop Windows 10 Pro [11/26/2021 07:10:04] Found 1 cache accounts and 0 broker accounts
(False) MSAL 4.30.1.0 MSAL.Desktop Windows 10 Pro [11/26/2021 07:10:04] Returning 1 accounts
(False) MSAL 4.30.1.0 MSAL.Desktop Windows 10 Pro [11/26/2021 07:10:04 - ] MSAL MSAL.Desktop with assembly version '4.30.1.0'. CorrelationId(bc9a5a56-6930-4e25-9980-c9d796a7e8d8)
(False) MSAL 4.30.1.0 MSAL.Desktop Windows 10 Pro [11/26/2021 07:10:04 - ] === AcquireTokenSilent Parameters ===
(False) MSAL 4.30.1.0 MSAL.Desktop Windows 10 Pro [11/26/2021 07:10:04 - ] LoginHint provided: False
(False) MSAL 4.30.1.0 MSAL.Desktop Windows 10 Pro [11/26/2021 07:10:04 - ] Account provided: True
(False) MSAL 4.30.1.0 MSAL.Desktop Windows 10 Pro [11/26/2021 07:10:04 - ] ForceRefresh: False
(False) MSAL 4.30.1.0 MSAL.Desktop Windows 10 Pro [11/26/2021 07:10:04 - ] 
=== Request Data ===
Authority Provided? - True
Scopes - https://management.core.windows.net//.default
Extra Query Params Keys (space separated) - 
ApiId - AcquireTokenSilent
IsConfidentialClient - False
SendX5C - False
LoginHint ? False
IsBrokerConfigured - False
HomeAccountId - False
CorrelationId - bc9a5a56-6930-4e25-9980-c9d796a7e8d8

(False) MSAL 4.30.1.0 MSAL.Desktop Windows 10 Pro [11/26/2021 07:10:04 - ] === Token Acquisition (SilentRequest) started:
	
	Authority Host: login.microsoftonline.com
(False) MSAL 4.30.1.0 MSAL.Desktop Windows 10 Pro [11/26/2021 07:10:04 - ] Azure region was not configured or could not be discovered. Not using a regional authority.
(False) MSAL 4.30.1.0 MSAL.Desktop Windows 10 Pro [11/26/2021 07:10:04 - ] Access token is not expired. Returning the found cache entry. [Current time (11/26/2021 07:10:04) - Expiration Time (11/26/2021 08:19:54 +00:00) - Extended Expiration Time (11/26/2021 08:19:54 +00:00)]
(False) MSAL 4.30.1.0 MSAL.Desktop Windows 10 Pro [11/26/2021 07:10:04 - ] Returning access token found in cache. RefreshOn exists ? False
(False) MSAL 4.30.1.0 MSAL.Desktop Windows 10 Pro [11/26/2021 07:10:04 - ] Fetched access token from host login.microsoftonline.com. 
(False) MSAL 4.30.1.0 MSAL.Desktop Windows 10 Pro [11/26/2021 07:10:04 - ] === Token Acquisition finished successfully. An access token was returned with Expiration Time: 11/26/2021 08:19:54 +00:00 and Scopes https://management.core.windows.net//user_impersonation https://management.core.windows.net//.default
SharedTokenCacheCredential.GetToken succeeded. Scopes: [ https://management.core.windows.net//.default ] ParentRequestId:  ExpiresOn: 2021-11-26T08:19:54.0000000+00:00
[Common.Authentication]: Received token with LoginType 'User', Tenant: 'ffcea58c-766b-4eea-9684-92cc7cb3c5e9', UserId: 'oluwafemi.aina@tek-experts.com'
============================ HTTP REQUEST ============================

HTTP Method:
POST

Absolute Uri:
https://management.azure.com/subscriptions/eb682f6e-1934-4ce4-a41e-c78eea352117/resourcegroups/Ayanfe-Resource/providers/Microsoft.Resources/deployments/multiple-RSVaults/validate?api-version=2021-04-01

Headers:
x-ms-client-request-id        : fc971f85-5caa-4bf7-b5e8-589cddf956a1
accept-language               : en-US

Body:
{
  "properties": {
    "template": {
      "$schema": "https://schema.management.azure.com/schemas/2019-04-01/deploymentTemplate.json#",
      "contentVersion": "1.0.0.0",
      "parameters": {
        "RSVaultCount": {
          "type": "int",
          "defaultValue": 2
        }
      },
      "variables": {
        "RSVaultName": "[concat('RSValut',  uniqueString(resourceGroup().id))]"
      },
      "resources": [
        {
          "name": "[variables('RSVaultName')]",
          "type": "Microsoft.RecoveryServices/vaults",
          "apiVersion": "2021-03-01",
          "location": "[resourceGroup().location]",
          "sku": {
            "name": "RS0",
            "tier": "Standard"
          },
          "properties": {},
          "Copy": {
            "name": "RSVaultcopy",
            "count": "[parameters('RSVaultCount')]"
          }
        }
      ],
      "outputs": {}
    },
    "parameters": {},
    "mode": "Incremental",
    "debugSetting": {
      "detailLevel": "RequestContent,ResponseContent"
    }
  }
}


============================ HTTP RESPONSE ============================

Status Code:
BadRequest

Headers:
Pragma                        : no-cache
x-ms-failure-cause            : gateway
x-ms-ratelimit-remaining-subscription-writes: 1199
x-ms-request-id               : 1cdf3a38-3af6-4fe9-88d7-1c8591269168
x-ms-correlation-request-id   : 1cdf3a38-3af6-4fe9-88d7-1c8591269168
x-ms-routing-request-id       : EASTUS:20211126T071006Z:1cdf3a38-3af6-4fe9-88d7-1c8591269168
Strict-Transport-Security     : max-age=31536000; includeSubDomains
X-Content-Type-Options        : nosniff
Cache-Control                 : no-cache
Date                          : Fri, 26 Nov 2021 07:10:05 GMT

Body:
{
  "error": {
    "code": "InvalidTemplate",
    "message": "Deployment template validation failed: 'The resource 'Microsoft.RecoveryServices/vaults/RSValutfh527dg2imwdy' at line '16' and column '9' is defined multiple times in a template. Please see https://aka.ms/arm-template/#resources for usage details.'.",
    "additionalInfo": [
      {
        "type": "TemplateViolation",
        "info": {
          "lineNumber": 16,
          "linePosition": 9,
          "path": "properties.template.resources[0]"
        }
      }
    ]
  }
}


