Module : Az.Resources
Cmdlet : New-AzResourceGroupDeployment
Parameters
 -ResourceGroupName : Ayanfe-Resource
 -TemplateFile : test-template.json

[Common.Authentication]: Authenticating using Account: 'oluwafemi.aina@tek-experts.com', environment: 'AzureCloud', tenant: 'ffcea58c-766b-4eea-9684-92cc7cb3c5e9'
11:37:49 AM - [SilentAuthenticator] Calling SharedTokenCacheCredential.GetTokenAsync - TenantId:'ffcea58c-766b-4eea-9684-92cc7cb3c5e9', Scopes:'https://management.core.windows.net//.default', AuthorityHost:'https://login.microsoftonline.com/', UserId:'oluwafemi.aina@tek-experts.com'
SharedTokenCacheCredential.GetToken invoked. Scopes: [ https://management.core.windows.net//.default ] ParentRequestId: 
(False) MSAL 4.30.1.0 MSAL.Desktop Windows 10 Pro [11/25/2021 11:37:49 - ] Azure region was not configured or could not be discovered. Not using a regional authority.
(False) MSAL 4.30.1.0 MSAL.Desktop Windows 10 Pro [11/25/2021 11:37:49] Found 1 cache accounts and 0 broker accounts
(False) MSAL 4.30.1.0 MSAL.Desktop Windows 10 Pro [11/25/2021 11:37:49] Returning 1 accounts
(False) MSAL 4.30.1.0 MSAL.Desktop Windows 10 Pro [11/25/2021 11:37:49 - ] MSAL MSAL.Desktop with assembly version '4.30.1.0'. CorrelationId(9b218464-2b50-45e6-a3e1-50ff907682b2)
(False) MSAL 4.30.1.0 MSAL.Desktop Windows 10 Pro [11/25/2021 11:37:49 - ] === AcquireTokenSilent Parameters ===
(False) MSAL 4.30.1.0 MSAL.Desktop Windows 10 Pro [11/25/2021 11:37:49 - ] LoginHint provided: False
(False) MSAL 4.30.1.0 MSAL.Desktop Windows 10 Pro [11/25/2021 11:37:49 - ] Account provided: True
(False) MSAL 4.30.1.0 MSAL.Desktop Windows 10 Pro [11/25/2021 11:37:49 - ] ForceRefresh: False
(False) MSAL 4.30.1.0 MSAL.Desktop Windows 10 Pro [11/25/2021 11:37:49 - ] 
=== Request Data ===
Authority Provided? - True
Scopes - https://management.core.windows.net//.default
Extra Query Params Keys (space separated) - 
ApiId - AcquireTokenSilent
IsConfidentialClient - False
SendX5C - False
LoginHint ? False
IsBrokerConfigured - False
HomeAccountId - False
CorrelationId - 9b218464-2b50-45e6-a3e1-50ff907682b2

(False) MSAL 4.30.1.0 MSAL.Desktop Windows 10 Pro [11/25/2021 11:37:49 - ] === Token Acquisition (SilentRequest) started:
	
	Authority Host: login.microsoftonline.com
(False) MSAL 4.30.1.0 MSAL.Desktop Windows 10 Pro [11/25/2021 11:37:49 - ] Azure region was not configured or could not be discovered. Not using a regional authority.
(False) MSAL 4.30.1.0 MSAL.Desktop Windows 10 Pro [11/25/2021 11:37:49 - ] Access token has expired or about to expire. [Current time (11/25/2021 11:37:49) - Expiration Time (11/24/2021 15:35:25 +00:00) - Extended Expiration Time (11/24/2021 15:35:25 +00:00)]
(False) MSAL 4.30.1.0 MSAL.Desktop Windows 10 Pro [11/25/2021 11:37:50 - ] Azure region was not configured or could not be discovered. Not using a regional authority.
(False) MSAL 4.30.1.0 MSAL.Desktop Windows 10 Pro [11/25/2021 11:37:50 - ] Azure region was not configured or could not be discovered. Not using a regional authority.
(False) MSAL 4.30.1.0 MSAL.Desktop Windows 10 Pro [11/25/2021 11:37:50 - ] Refresh token found in the cache? - True
(False) MSAL 4.30.1.0 MSAL.Desktop Windows 10 Pro [11/25/2021 11:37:50 - ] Azure region was not configured or could not be discovered. Not using a regional authority.
(False) MSAL 4.30.1.0 MSAL.Desktop Windows 10 Pro [11/25/2021 11:37:50 - ] Fetching instance discovery from the network from host login.microsoftonline.com. 
Request [f44f72dc-1282-4fab-8f47-10140f96a52c] GET https://login.microsoftonline.com/common/discovery/instance?api-version=REDACTED&authorization_endpoint=REDACTED
x-client-SKU:REDACTED
x-client-Ver:REDACTED
x-client-CPU:REDACTED
x-client-OS:REDACTED
client-request-id:REDACTED
return-client-request-id:REDACTED
x-app-name:REDACTED
x-app-ver:REDACTED
x-ms-client-request-id:f44f72dc-1282-4fab-8f47-10140f96a52c
x-ms-return-client-request-id:true
User-Agent:azsdk-net-Identity/1.5.0,(.NET Framework 4.8.4420.0; Microsoft Windows 10.0.19042 )
client assembly: Azure.Identity
Response [f44f72dc-1282-4fab-8f47-10140f96a52c] 200 OK (00.4s)
Strict-Transport-Security:REDACTED
X-Content-Type-Options:REDACTED
Access-Control-Allow-Origin:REDACTED
Access-Control-Allow-Methods:REDACTED
client-request-id:REDACTED
x-ms-request-id:bf9afe32-d5b4-46ef-8545-a04220b88701
x-ms-ests-server:REDACTED
Cache-Control:max-age=86400, private
P3P:REDACTED
Set-Cookie:REDACTED
Date:Thu, 25 Nov 2021 11:37:50 GMT
Content-Length:980
Content-Type:application/json; charset=utf-8

(False) MSAL 4.30.1.0 MSAL.Desktop Windows 10 Pro [11/25/2021 11:37:50 - ] Authority validation enabled? True. 
(False) MSAL 4.30.1.0 MSAL.Desktop Windows 10 Pro [11/25/2021 11:37:50 - ] Authority validation - is known env? True. 
(False) MSAL 4.30.1.0 MSAL.Desktop Windows 10 Pro [11/25/2021 11:37:50 - ] Resolving authority endpoints... Already resolved? - FALSE
Request [0f3ec3d3-ba87-4eca-ab3a-d6730133f3ac] POST https://login.microsoftonline.com/ffcea58c-766b-4eea-9684-92cc7cb3c5e9/oauth2/v2.0/token
x-client-SKU:REDACTED
x-client-Ver:REDACTED
x-client-CPU:REDACTED
x-client-OS:REDACTED
x-client-current-telemetry:REDACTED
x-client-last-telemetry:REDACTED
x-ms-lib-capability:REDACTED
client-request-id:REDACTED
return-client-request-id:REDACTED
x-app-name:REDACTED
x-app-ver:REDACTED
x-ms-client-request-id:0f3ec3d3-ba87-4eca-ab3a-d6730133f3ac
x-ms-return-client-request-id:true
User-Agent:azsdk-net-Identity/1.5.0,(.NET Framework 4.8.4420.0; Microsoft Windows 10.0.19042 )
Content-Type:application/x-www-form-urlencoded
client assembly: Azure.Identity
Response [0f3ec3d3-ba87-4eca-ab3a-d6730133f3ac] 200 OK (00.5s)
Pragma:no-cache
Strict-Transport-Security:REDACTED
X-Content-Type-Options:REDACTED
client-request-id:REDACTED
x-ms-request-id:b5c31cb3-7958-4492-a596-d739941b7b00
x-ms-ests-server:REDACTED
x-ms-clitelem:REDACTED
Cache-Control:no-store, no-cache
P3P:REDACTED
Set-Cookie:REDACTED
Date:Thu, 25 Nov 2021 11:37:50 GMT
Content-Length:4916
Content-Type:application/json; charset=utf-8
Expires:-1

(False) MSAL 4.30.1.0 MSAL.Desktop Windows 10 Pro [11/25/2021 11:37:51 - ] Checking client info returned from the server..
(False) MSAL 4.30.1.0 MSAL.Desktop Windows 10 Pro [11/25/2021 11:37:51 - ] Saving Token Response to cache..
(False) MSAL 4.30.1.0 MSAL.Desktop Windows 10 Pro [11/25/2021 11:37:51 - ] Subject not present in Id token
(False) MSAL 4.30.1.0 MSAL.Desktop Windows 10 Pro [11/25/2021 11:37:51 - ] Azure region was not configured or could not be discovered. Not using a regional authority.
(False) MSAL 4.30.1.0 MSAL.Desktop Windows 10 Pro [11/25/2021 11:37:51 - ] Saving AT in cache and removing overlapping ATs...
(False) MSAL 4.30.1.0 MSAL.Desktop Windows 10 Pro [11/25/2021 11:37:51 - ] Looking for scopes for the authority in the cache which intersect with https://management.core.windows.net//.default
(False) MSAL 4.30.1.0 MSAL.Desktop Windows 10 Pro [11/25/2021 11:37:51 - ] Intersecting scope entries count - 1
(False) MSAL 4.30.1.0 MSAL.Desktop Windows 10 Pro [11/25/2021 11:37:51 - ] Matching entries after filtering by user - 1
(False) MSAL 4.30.1.0 MSAL.Desktop Windows 10 Pro [11/25/2021 11:37:51 - ] Saving Id Token and Account in cache ...
(False) MSAL 4.30.1.0 MSAL.Desktop Windows 10 Pro [11/25/2021 11:37:51 - ] Saving RT in cache...
(False) MSAL 4.30.1.0 MSAL.Desktop Windows 10 Pro [11/25/2021 11:37:51] Not writing FRT in ADAL legacy cache. 
(False) MSAL 4.30.1.0 MSAL.Desktop Windows 10 Pro [11/25/2021 11:37:51 - ] Fetched access token from host login.microsoftonline.com. 
(False) MSAL 4.30.1.0 MSAL.Desktop Windows 10 Pro [11/25/2021 11:37:51 - ] === Token Acquisition finished successfully. An access token was returned with Expiration Time: 11/25/2021 12:57:11 +00:00 and Scopes https://management.core.windows.net//user_impersonation https://management.core.windows.net//.default
SharedTokenCacheCredential.GetToken succeeded. Scopes: [ https://management.core.windows.net//.default ] ParentRequestId:  ExpiresOn: 2021-11-25T12:57:11.0000000+00:00
[Common.Authentication]: Received token with LoginType 'User', Tenant: 'ffcea58c-766b-4eea-9684-92cc7cb3c5e9', UserId: 'oluwafemi.aina@tek-experts.com'
============================ HTTP REQUEST ============================

HTTP Method:
POST

Absolute Uri:
https://management.azure.com/subscriptions/eb682f6e-1934-4ce4-a41e-c78eea352117/resourcegroups/Ayanfe-Resource/providers/Microsoft.Resources/deployments/test-template/validate?api-version=2021-04-01

Headers:
x-ms-client-request-id        : 77ca3b5e-c43b-434f-bb88-fd8fd91dc3c1
accept-language               : en-US

Body:
{
  "properties": {
    "template": {
      "$schema": "https://schema.management.azure.com/schemas/2019-04-01/deploymentTemplate.json#",
      "contentVersion": "1.0.0.0",
      "parameters": {
        "storageAccountType": {
          "type": "string",
          "defaultValue": "Standard_LRS",
          "allowedValues": [
            "Standard_LRS",
            "Standard_GRS",
            "Standard_ZRS",
            "Premium_LRS"
          ],
          "metadata": {
            "description": "Storage Account type"
          }
        },
        "location": {
          "type": "string",
          "defaultValue": "[resourceGroup().location]",
          "metadata": {
            "description": "Location for all resources."
          }
        }
      },
      "variables": {
        "storageAccountName": "[concat('store', uniquestring(resourceGroup().id))]"
      },
      "resources": [
        {
          "type": "Microsoft.Storage/storageAccounts",
          "apiVersion": "2018-07-01",
          "name": "[variables('storageAccountName')]",
          "location": "[parameters('location')]",
          "sku": {
            "name": "[parameters('storageAccountType')]"
          },
          "kind": "StorageV2",
          "properties": {}
        }
      ],
      "outputs": {
        "storageAccountName": {
          "type": "string",
          "value": "[variables('storageAccountName')]"
        }
      }
    },
    "parameters": {},
    "mode": "Incremental"
  }
}


============================ HTTP RESPONSE ============================

Status Code:
NotFound

Headers:
Pragma                        : no-cache
x-ms-failure-cause            : gateway
x-ms-ratelimit-remaining-subscription-writes: 1199
x-ms-request-id               : 8d301430-d659-4190-b3ad-5df585492775
x-ms-correlation-request-id   : 8d301430-d659-4190-b3ad-5df585492775
x-ms-routing-request-id       : EASTUS:20211125T113752Z:8d301430-d659-4190-b3ad-5df585492775
Strict-Transport-Security     : max-age=31536000; includeSubDomains
X-Content-Type-Options        : nosniff
Cache-Control                 : no-cache
Date                          : Thu, 25 Nov 2021 11:37:51 GMT

Body:
{
  "error": {
    "code": "ResourceGroupNotFound",
    "message": "Resource group 'Ayanfe-Resource' could not be found."
  }
}


