Module : Az.Resources
Cmdlet : New-AzResourceGroupDeployment
Parameters
 -ResourceGroupName : Ayanfe-Resource
 -TemplateFile : test-template.json

[Common.Authentication]: Authenticating using Account: 'oluwafemi.aina@tek-experts.com', environment: 'AzureCloud', tenant: 'ffcea58c-766b-4eea-9684-92cc7cb3c5e9'
11:38:35 AM - [SilentAuthenticator] Calling SharedTokenCacheCredential.GetTokenAsync - TenantId:'ffcea58c-766b-4eea-9684-92cc7cb3c5e9', Scopes:'https://management.core.windows.net//.default', AuthorityHost:'https://login.microsoftonline.com/', UserId:'oluwafemi.aina@tek-experts.com'
SharedTokenCacheCredential.GetToken invoked. Scopes: [ https://management.core.windows.net//.default ] ParentRequestId: 
(False) MSAL 4.30.1.0 MSAL.Desktop Windows 10 Pro [11/25/2021 11:38:35 - ] Azure region was not configured or could not be discovered. Not using a regional authority.
(False) MSAL 4.30.1.0 MSAL.Desktop Windows 10 Pro [11/25/2021 11:38:35] Found 1 cache accounts and 0 broker accounts
(False) MSAL 4.30.1.0 MSAL.Desktop Windows 10 Pro [11/25/2021 11:38:35] Returning 1 accounts
(False) MSAL 4.30.1.0 MSAL.Desktop Windows 10 Pro [11/25/2021 11:38:35 - ] MSAL MSAL.Desktop with assembly version '4.30.1.0'. CorrelationId(a9a554fa-1b89-407d-85a6-12666d245886)
(False) MSAL 4.30.1.0 MSAL.Desktop Windows 10 Pro [11/25/2021 11:38:35 - ] === AcquireTokenSilent Parameters ===
(False) MSAL 4.30.1.0 MSAL.Desktop Windows 10 Pro [11/25/2021 11:38:35 - ] LoginHint provided: False
(False) MSAL 4.30.1.0 MSAL.Desktop Windows 10 Pro [11/25/2021 11:38:35 - ] Account provided: True
(False) MSAL 4.30.1.0 MSAL.Desktop Windows 10 Pro [11/25/2021 11:38:35 - ] ForceRefresh: False
(False) MSAL 4.30.1.0 MSAL.Desktop Windows 10 Pro [11/25/2021 11:38:35 - ] 
=== Request Data ===
Authority Provided? - True
Scopes - https://management.core.windows.net//.default
Extra Query Params Keys (space separated) - 
ApiId - AcquireTokenSilent
IsConfidentialClient - False
SendX5C - False
LoginHint ? False
IsBrokerConfigured - False
HomeAccountId - False
CorrelationId - a9a554fa-1b89-407d-85a6-12666d245886

(False) MSAL 4.30.1.0 MSAL.Desktop Windows 10 Pro [11/25/2021 11:38:35 - ] === Token Acquisition (SilentRequest) started:
	
	Authority Host: login.microsoftonline.com
(False) MSAL 4.30.1.0 MSAL.Desktop Windows 10 Pro [11/25/2021 11:38:35 - ] Azure region was not configured or could not be discovered. Not using a regional authority.
(False) MSAL 4.30.1.0 MSAL.Desktop Windows 10 Pro [11/25/2021 11:38:35 - ] Access token is not expired. Returning the found cache entry. [Current time (11/25/2021 11:38:35) - Expiration Time (11/25/2021 12:57:11 +00:00) - Extended Expiration Time (11/25/2021 12:57:11 +00:00)]
(False) MSAL 4.30.1.0 MSAL.Desktop Windows 10 Pro [11/25/2021 11:38:35 - ] Returning access token found in cache. RefreshOn exists ? False
(False) MSAL 4.30.1.0 MSAL.Desktop Windows 10 Pro [11/25/2021 11:38:35 - ] Fetched access token from host login.microsoftonline.com. 
(False) MSAL 4.30.1.0 MSAL.Desktop Windows 10 Pro [11/25/2021 11:38:35 - ] === Token Acquisition finished successfully. An access token was returned with Expiration Time: 11/25/2021 12:57:11 +00:00 and Scopes https://management.core.windows.net//user_impersonation https://management.core.windows.net//.default
SharedTokenCacheCredential.GetToken succeeded. Scopes: [ https://management.core.windows.net//.default ] ParentRequestId:  ExpiresOn: 2021-11-25T12:57:11.0000000+00:00
[Common.Authentication]: Received token with LoginType 'User', Tenant: 'ffcea58c-766b-4eea-9684-92cc7cb3c5e9', UserId: 'oluwafemi.aina@tek-experts.com'
============================ HTTP REQUEST ============================

HTTP Method:
POST

Absolute Uri:
https://management.azure.com/subscriptions/eb682f6e-1934-4ce4-a41e-c78eea352117/resourcegroups/Ayanfe-Resource/providers/Microsoft.Resources/deployments/test-template/validate?api-version=2021-04-01

Headers:
x-ms-client-request-id        : 19b3cf06-c4d5-457c-a5fd-bb3ed162856c
accept-language               : en-US

Body:
{
  "properties": {
    "template": {
      "$schema": "https://schema.management.azure.com/schemas/2019-04-01/deploymentTemplate.json#",
      "contentVersion": "1.0.0.0",
      "parameters": {
        "storageAccountType": {
          "type": "string",
          "defaultValue": "Standard_LRS",
          "allowedValues": [
            "Standard_LRS",
            "Standard_GRS",
            "Standard_ZRS",
            "Premium_LRS"
          ],
          "metadata": {
            "description": "Storage Account type"
          }
        },
        "location": {
          "type": "string",
          "defaultValue": "[resourceGroup().location]",
          "metadata": {
            "description": "Location for all resources."
          }
        }
      },
      "variables": {
        "storageAccountName": "[concat('store', uniquestring(resourceGroup().id))]"
      },
      "resources": [
        {
          "type": "Microsoft.Storage/storageAccounts",
          "apiVersion": "2018-07-01",
          "name": "[variables('storageAccountName')]",
          "location": "[parameters('location')]",
          "sku": {
            "name": "[parameters('storageAccountType')]"
          },
          "kind": "StorageV2",
          "properties": {}
        }
      ],
      "outputs": {
        "storageAccountName": {
          "type": "string",
          "value": "[variables('storageAccountName')]"
        }
      }
    },
    "parameters": {},
    "mode": "Incremental"
  }
}


============================ HTTP RESPONSE ============================

Status Code:
NotFound

Headers:
Pragma                        : no-cache
x-ms-failure-cause            : gateway
x-ms-ratelimit-remaining-subscription-writes: 1199
x-ms-request-id               : 139bb189-3707-4a41-a3a2-abcd3d04af80
x-ms-correlation-request-id   : 139bb189-3707-4a41-a3a2-abcd3d04af80
x-ms-routing-request-id       : EASTUS:20211125T113835Z:139bb189-3707-4a41-a3a2-abcd3d04af80
Strict-Transport-Security     : max-age=31536000; includeSubDomains
X-Content-Type-Options        : nosniff
Cache-Control                 : no-cache
Date                          : Thu, 25 Nov 2021 11:38:35 GMT

Body:
{
  "error": {
    "code": "ResourceGroupNotFound",
    "message": "Resource group 'Ayanfe-Resource' could not be found."
  }
}


