Module : Az.Resources
Cmdlet : New-AzResourceGroupDeployment
Parameters
 -ResourceGroupName : Ayanfe-Resource
 -TemplateFile : network-and-subnet.json

[Common.Authentication]: Authenticating using Account: 'oluwafemi.aina@tek-experts.com', environment: 'AzureCloud', tenant: 'ffcea58c-766b-4eea-9684-92cc7cb3c5e9'
1:35:11 PM - [SilentAuthenticator] Calling SharedTokenCacheCredential.GetTokenAsync - TenantId:'ffcea58c-766b-4eea-9684-92cc7cb3c5e9', Scopes:'https://management.core.windows.net//.default', AuthorityHost:'https://login.microsoftonline.com/', UserId:'oluwafemi.aina@tek-experts.com'
SharedTokenCacheCredential.GetToken invoked. Scopes: [ https://management.core.windows.net//.default ] ParentRequestId: 
(False) MSAL 4.30.1.0 MSAL.Desktop Windows 10 Pro [11/25/2021 13:35:11 - ] Azure region was not configured or could not be discovered. Not using a regional authority.
(False) MSAL 4.30.1.0 MSAL.Desktop Windows 10 Pro [11/25/2021 13:35:11] Found 1 cache accounts and 0 broker accounts
(False) MSAL 4.30.1.0 MSAL.Desktop Windows 10 Pro [11/25/2021 13:35:11] Returning 1 accounts
(False) MSAL 4.30.1.0 MSAL.Desktop Windows 10 Pro [11/25/2021 13:35:11 - ] MSAL MSAL.Desktop with assembly version '4.30.1.0'. CorrelationId(2ef5b947-08b0-4ff5-8e38-fc2c368e6f6d)
(False) MSAL 4.30.1.0 MSAL.Desktop Windows 10 Pro [11/25/2021 13:35:11 - ] === AcquireTokenSilent Parameters ===
(False) MSAL 4.30.1.0 MSAL.Desktop Windows 10 Pro [11/25/2021 13:35:11 - ] LoginHint provided: False
(False) MSAL 4.30.1.0 MSAL.Desktop Windows 10 Pro [11/25/2021 13:35:11 - ] Account provided: True
(False) MSAL 4.30.1.0 MSAL.Desktop Windows 10 Pro [11/25/2021 13:35:11 - ] ForceRefresh: False
(False) MSAL 4.30.1.0 MSAL.Desktop Windows 10 Pro [11/25/2021 13:35:11 - ] 
=== Request Data ===
Authority Provided? - True
Scopes - https://management.core.windows.net//.default
Extra Query Params Keys (space separated) - 
ApiId - AcquireTokenSilent
IsConfidentialClient - False
SendX5C - False
LoginHint ? False
IsBrokerConfigured - False
HomeAccountId - False
CorrelationId - 2ef5b947-08b0-4ff5-8e38-fc2c368e6f6d

(False) MSAL 4.30.1.0 MSAL.Desktop Windows 10 Pro [11/25/2021 13:35:11 - ] === Token Acquisition (SilentRequest) started:
	
	Authority Host: login.microsoftonline.com
(False) MSAL 4.30.1.0 MSAL.Desktop Windows 10 Pro [11/25/2021 13:35:11 - ] Azure region was not configured or could not be discovered. Not using a regional authority.
(False) MSAL 4.30.1.0 MSAL.Desktop Windows 10 Pro [11/25/2021 13:35:11 - ] Access token has expired or about to expire. [Current time (11/25/2021 13:35:11) - Expiration Time (11/25/2021 12:57:11 +00:00) - Extended Expiration Time (11/25/2021 12:57:11 +00:00)]
(False) MSAL 4.30.1.0 MSAL.Desktop Windows 10 Pro [11/25/2021 13:35:11 - ] Azure region was not configured or could not be discovered. Not using a regional authority.
(False) MSAL 4.30.1.0 MSAL.Desktop Windows 10 Pro [11/25/2021 13:35:11 - ] Azure region was not configured or could not be discovered. Not using a regional authority.
(False) MSAL 4.30.1.0 MSAL.Desktop Windows 10 Pro [11/25/2021 13:35:11 - ] Refresh token found in the cache? - True
(False) MSAL 4.30.1.0 MSAL.Desktop Windows 10 Pro [11/25/2021 13:35:11 - ] Azure region was not configured or could not be discovered. Not using a regional authority.
(False) MSAL 4.30.1.0 MSAL.Desktop Windows 10 Pro [11/25/2021 13:35:11 - ] Resolving authority endpoints... Already resolved? - TRUE
Request [fb85f7b9-e882-4a99-a866-bea17315ebb2] POST https://login.microsoftonline.com/ffcea58c-766b-4eea-9684-92cc7cb3c5e9/oauth2/v2.0/token
x-client-SKU:REDACTED
x-client-Ver:REDACTED
x-client-CPU:REDACTED
x-client-OS:REDACTED
x-client-current-telemetry:REDACTED
x-client-last-telemetry:REDACTED
x-ms-lib-capability:REDACTED
client-request-id:REDACTED
return-client-request-id:REDACTED
x-app-name:REDACTED
x-app-ver:REDACTED
x-ms-client-request-id:fb85f7b9-e882-4a99-a866-bea17315ebb2
x-ms-return-client-request-id:true
User-Agent:azsdk-net-Identity/1.5.0,(.NET Framework 4.8.4420.0; Microsoft Windows 10.0.19042 )
Content-Type:application/x-www-form-urlencoded
client assembly: Azure.Identity
Response [fb85f7b9-e882-4a99-a866-bea17315ebb2] 200 OK (00.7s)
Pragma:no-cache
Strict-Transport-Security:REDACTED
X-Content-Type-Options:REDACTED
client-request-id:REDACTED
x-ms-request-id:d4772d61-4d22-42b2-a694-8616e8a66d00
x-ms-ests-server:REDACTED
x-ms-clitelem:REDACTED
Cache-Control:no-store, no-cache
P3P:REDACTED
Set-Cookie:REDACTED
Date:Thu, 25 Nov 2021 13:35:11 GMT
Content-Length:4916
Content-Type:application/json; charset=utf-8
Expires:-1

(False) MSAL 4.30.1.0 MSAL.Desktop Windows 10 Pro [11/25/2021 13:35:11 - ] Checking client info returned from the server..
(False) MSAL 4.30.1.0 MSAL.Desktop Windows 10 Pro [11/25/2021 13:35:11 - ] Saving Token Response to cache..
(False) MSAL 4.30.1.0 MSAL.Desktop Windows 10 Pro [11/25/2021 13:35:11 - ] Subject not present in Id token
(False) MSAL 4.30.1.0 MSAL.Desktop Windows 10 Pro [11/25/2021 13:35:11 - ] Azure region was not configured or could not be discovered. Not using a regional authority.
(False) MSAL 4.30.1.0 MSAL.Desktop Windows 10 Pro [11/25/2021 13:35:11 - ] Saving AT in cache and removing overlapping ATs...
(False) MSAL 4.30.1.0 MSAL.Desktop Windows 10 Pro [11/25/2021 13:35:11 - ] Looking for scopes for the authority in the cache which intersect with https://management.core.windows.net//.default
(False) MSAL 4.30.1.0 MSAL.Desktop Windows 10 Pro [11/25/2021 13:35:11 - ] Intersecting scope entries count - 1
(False) MSAL 4.30.1.0 MSAL.Desktop Windows 10 Pro [11/25/2021 13:35:11 - ] Matching entries after filtering by user - 1
(False) MSAL 4.30.1.0 MSAL.Desktop Windows 10 Pro [11/25/2021 13:35:11 - ] Saving Id Token and Account in cache ...
(False) MSAL 4.30.1.0 MSAL.Desktop Windows 10 Pro [11/25/2021 13:35:11 - ] Saving RT in cache...
(False) MSAL 4.30.1.0 MSAL.Desktop Windows 10 Pro [11/25/2021 13:35:11] Not writing FRT in ADAL legacy cache. 
(False) MSAL 4.30.1.0 MSAL.Desktop Windows 10 Pro [11/25/2021 13:35:11 - ] Fetched access token from host login.microsoftonline.com. 
(False) MSAL 4.30.1.0 MSAL.Desktop Windows 10 Pro [11/25/2021 13:35:11 - ] === Token Acquisition finished successfully. An access token was returned with Expiration Time: 11/25/2021 14:36:42 +00:00 and Scopes https://management.core.windows.net//user_impersonation https://management.core.windows.net//.default
SharedTokenCacheCredential.GetToken succeeded. Scopes: [ https://management.core.windows.net//.default ] ParentRequestId:  ExpiresOn: 2021-11-25T14:36:42.0000000+00:00
[Common.Authentication]: Received token with LoginType 'User', Tenant: 'ffcea58c-766b-4eea-9684-92cc7cb3c5e9', UserId: 'oluwafemi.aina@tek-experts.com'
============================ HTTP REQUEST ============================

HTTP Method:
POST

Absolute Uri:
https://management.azure.com/subscriptions/eb682f6e-1934-4ce4-a41e-c78eea352117/resourcegroups/Ayanfe-Resource/providers/Microsoft.Resources/deployments/network-and-subnet/validate?api-version=2021-04-01

Headers:
x-ms-client-request-id        : b7846caa-876b-4cb9-bd7e-cfa7686a36ce
accept-language               : en-US

Body:
{
  "properties": {
    "template": {
      "$schema": "https://schema.management.azure.com/schemas/2019-04-01/deploymentTemplate.json#",
      "contentVersion": "1.0.0.0",
      "parameters": {},
      "functions": [],
      "variables": {
        "virtualNetworkName": "[concat('vnet', uniqueString(resourceGroup().id))]",
        "subnetName": "[concat('subnet', uniqueString(resourceGroup().id))]",
        "nicName": "[concat('nic', uniqueString(resourceGroup().id))]",
        "ipConfigName": "[concat('ipConfig', uniqueString(resourceGroup().id))]"
      },
      "resources": [
        {
          "name": "[variables('virtualNetworkName')]",
          "type": "Microsoft.Network/virtualNetworks",
          "apiVersion": "2020-11-01",
          "location": "[resourceGroup().location]",
          "tags": {
            "displayName": "virtualNetwork1"
          },
          "properties": {
            "addressSpace": {
              "addressPrefixes": [
                "10.0.2.0/16"
              ]
            },
            "subnets": [
              {
                "name": "[variables('subnetName')]",
                "properties": {
                  "addressPrefix": "10.0.2.0/24"
                }
              }
            ]
          }
        },
        {
          "name": "[variables('nicName')]",
          "type": "Microsoft.Network/networkInterfaces",
          "apiVersion": "2020-11-01",
          "location": "[resourceGroup().location]",
          "tags": {
            "displayName": "networkInterface1"
          },
          "dependsOn": [
            "[resourceId('Microsoft.Network/virtualNetworks', 'virtualNetwork1')]"
          ],
          "properties": {
            "ipConfigurations": [
              {
                "name": "[variables('ipConfigName')]",
                "properties": {
                  "privateIPAllocationMethod": "Dynamic",
                  "subnet": {
                    "id": "[resourceId('Microsoft.Network/virtualNetworks/subnets', 'virtualNetwork1', 'subnet1')]"
                  }
                }
              }
            ]
          }
        }
      ],
      "outputs": {}
    },
    "parameters": {},
    "mode": "Incremental"
  }
}


============================ HTTP RESPONSE ============================

Status Code:
BadRequest

Headers:
Pragma                        : no-cache
x-ms-failure-cause            : gateway
x-ms-ratelimit-remaining-subscription-writes: 1199
x-ms-request-id               : 22fd2ce7-02ee-4f2d-92e7-9ed9f99a29e4
x-ms-correlation-request-id   : 22fd2ce7-02ee-4f2d-92e7-9ed9f99a29e4
x-ms-routing-request-id       : EASTUS:20211125T133513Z:22fd2ce7-02ee-4f2d-92e7-9ed9f99a29e4
Strict-Transport-Security     : max-age=31536000; includeSubDomains
X-Content-Type-Options        : nosniff
Cache-Control                 : no-cache
Date                          : Thu, 25 Nov 2021 13:35:12 GMT

Body:
{
  "error": {
    "code": "InvalidTemplate",
    "message": "Deployment template validation failed: 'The resource 'Microsoft.Network/virtualNetworks/virtualNetwork1' is not defined in the template. Please see https://aka.ms/arm-template for usage details.'.",
    "additionalInfo": [
      {
        "type": "TemplateViolation",
        "info": {
          "lineNumber": 0,
          "linePosition": 0,
          "path": ""
        }
      }
    ]
  }
}


