Module : Az.Resources
Cmdlet : New-AzResourceGroupDeployment
Parameters
 -Name : new-linux
 -ResourceGroupName : Ayanfe-Resource
 -TemplateFile : azuredeploy.json

[Common.Authentication]: Authenticating using Account: 'oluwafemi.aina@tek-experts.com', environment: 'AzureCloud', tenant: 'ffcea58c-766b-4eea-9684-92cc7cb3c5e9'
3:18:09 PM - [SilentAuthenticator] Calling SharedTokenCacheCredential.GetTokenAsync - TenantId:'ffcea58c-766b-4eea-9684-92cc7cb3c5e9', Scopes:'https://management.core.windows.net//.default', AuthorityHost:'https://login.microsoftonline.com/', UserId:'oluwafemi.aina@tek-experts.com'
SharedTokenCacheCredential.GetToken invoked. Scopes: [ https://management.core.windows.net//.default ] ParentRequestId: 
(False) MSAL 4.30.1.0 MSAL.Desktop Windows 10 Pro [11/23/2021 15:18:09 - ] Azure region was not configured or could not be discovered. Not using a regional authority.
(False) MSAL 4.30.1.0 MSAL.Desktop Windows 10 Pro [11/23/2021 15:18:09] Found 1 cache accounts and 0 broker accounts
(False) MSAL 4.30.1.0 MSAL.Desktop Windows 10 Pro [11/23/2021 15:18:09] Returning 1 accounts
(False) MSAL 4.30.1.0 MSAL.Desktop Windows 10 Pro [11/23/2021 15:18:09 - ] MSAL MSAL.Desktop with assembly version '4.30.1.0'. CorrelationId(9ba3e986-2cb1-4c5a-9a05-a30319542b5a)
(False) MSAL 4.30.1.0 MSAL.Desktop Windows 10 Pro [11/23/2021 15:18:09 - ] === AcquireTokenSilent Parameters ===
(False) MSAL 4.30.1.0 MSAL.Desktop Windows 10 Pro [11/23/2021 15:18:09 - ] LoginHint provided: False
(False) MSAL 4.30.1.0 MSAL.Desktop Windows 10 Pro [11/23/2021 15:18:09 - ] Account provided: True
(False) MSAL 4.30.1.0 MSAL.Desktop Windows 10 Pro [11/23/2021 15:18:09 - ] ForceRefresh: False
(False) MSAL 4.30.1.0 MSAL.Desktop Windows 10 Pro [11/23/2021 15:18:09 - ] 
=== Request Data ===
Authority Provided? - True
Scopes - https://management.core.windows.net//.default
Extra Query Params Keys (space separated) - 
ApiId - AcquireTokenSilent
IsConfidentialClient - False
SendX5C - False
LoginHint ? False
IsBrokerConfigured - False
HomeAccountId - False
CorrelationId - 9ba3e986-2cb1-4c5a-9a05-a30319542b5a

(False) MSAL 4.30.1.0 MSAL.Desktop Windows 10 Pro [11/23/2021 15:18:09 - ] === Token Acquisition (SilentRequest) started:
	
	Authority Host: login.microsoftonline.com
(False) MSAL 4.30.1.0 MSAL.Desktop Windows 10 Pro [11/23/2021 15:18:09 - ] Azure region was not configured or could not be discovered. Not using a regional authority.
(False) MSAL 4.30.1.0 MSAL.Desktop Windows 10 Pro [11/23/2021 15:18:09 - ] Access token is not expired. Returning the found cache entry. [Current time (11/23/2021 15:18:09) - Expiration Time (11/23/2021 16:17:19 +00:00) - Extended Expiration Time (11/23/2021 16:17:19 +00:00)]
(False) MSAL 4.30.1.0 MSAL.Desktop Windows 10 Pro [11/23/2021 15:18:09 - ] Returning access token found in cache. RefreshOn exists ? False
(False) MSAL 4.30.1.0 MSAL.Desktop Windows 10 Pro [11/23/2021 15:18:09 - ] Fetched access token from host login.microsoftonline.com. 
(False) MSAL 4.30.1.0 MSAL.Desktop Windows 10 Pro [11/23/2021 15:18:09 - ] === Token Acquisition finished successfully. An access token was returned with Expiration Time: 11/23/2021 16:17:19 +00:00 and Scopes https://management.core.windows.net//user_impersonation https://management.core.windows.net//.default
SharedTokenCacheCredential.GetToken succeeded. Scopes: [ https://management.core.windows.net//.default ] ParentRequestId:  ExpiresOn: 2021-11-23T16:17:19.0000000+00:00
[Common.Authentication]: Received token with LoginType 'User', Tenant: 'ffcea58c-766b-4eea-9684-92cc7cb3c5e9', UserId: 'oluwafemi.aina@tek-experts.com'
============================ HTTP REQUEST ============================

HTTP Method:
POST

Absolute Uri:
https://management.azure.com/subscriptions/eb682f6e-1934-4ce4-a41e-c78eea352117/resourcegroups/Ayanfe-Resource/providers/Microsoft.Resources/deployments/new-linux/validate?api-version=2021-04-01

Headers:
x-ms-client-request-id        : 94d6eae7-8788-475d-b9fd-d330a624e863
accept-language               : en-US

Body:
{
  "properties": {
    "template": {
      "$schema": "https://schema.management.azure.com/schemas/2019-04-01/deploymentTemplate.json#",
      "contentVersion": "1.0.0.0",
      "parameters": {},
      "functions": [],
      "variables": {},
      "resources": [
        {
          "name": "test-storage",
          "type": "Microsoft.Storage/storageAccounts",
          "apiVersion": "2021-04-01",
          "tags": {
            "displayName": "test-storage"
          },
          "location": "[resourceGroup().location]",
          "kind": "StorageV2",
          "sku": {
            "name": "Premium_LRS",
            "tier": "Premium"
          }
        }
      ],
      "outputs": {}
    },
    "parameters": {},
    "mode": "Incremental"
  }
}


============================ HTTP RESPONSE ============================

Status Code:
BadRequest

Headers:
Pragma                        : no-cache
x-ms-failure-cause            : gateway
x-ms-ratelimit-remaining-subscription-writes: 1199
x-ms-request-id               : 29419263-811e-48ba-bdf3-ed63a723676c
x-ms-correlation-request-id   : 29419263-811e-48ba-bdf3-ed63a723676c
x-ms-routing-request-id       : EASTUS:20211123T151810Z:29419263-811e-48ba-bdf3-ed63a723676c
Strict-Transport-Security     : max-age=31536000; includeSubDomains
X-Content-Type-Options        : nosniff
Cache-Control                 : no-cache
Date                          : Tue, 23 Nov 2021 15:18:10 GMT

Body:
{
  "error": {
    "code": "InvalidTemplateDeployment",
    "message": "The template deployment 'new-linux' is not valid according to the validation procedure. The tracking id is '29419263-811e-48ba-bdf3-ed63a723676c'. See inner errors for details.",
    "details": [
      {
        "code": "PreflightValidationCheckFailed",
        "message": "Preflight validation failed. Please refer to the details for the specific errors.",
        "details": [
          {
            "code": "AccountNameInvalid",
            "target": "test-storage",
            "message": "test-storage is not a valid storage account name. Storage account name must be between 3 and 24 characters in length and use numbers and lower-case letters only."
          }
        ]
      }
    ]
  }
}


