Module : Az.Resources
Cmdlet : New-AzResourceGroupDeployment
Parameters
 -ResourceGroupName : Ayanfe-Resource
 -TemplateFile : multiple-RSVaults.json

============================ HTTP REQUEST ============================

HTTP Method:
GET

Absolute Uri:
https://management.azure.com/subscriptions/eb682f6e-1934-4ce4-a41e-c78eea352117/resourcegroups/Ayanfe-Resource/deployments/multiple-RSVaults/operations?api-version=2021-04-01

Headers:
x-ms-client-request-id        : 8ba0941e-5439-49d4-8631-dc14f1595677
accept-language               : en-US

Body:



============================ HTTP RESPONSE ============================

Status Code:
OK

Headers:
Pragma                        : no-cache
x-ms-ratelimit-remaining-subscription-reads: 11971
x-ms-request-id               : faf6a2c1-875e-45d5-9b94-1d716d14c721
x-ms-correlation-request-id   : faf6a2c1-875e-45d5-9b94-1d716d14c721
x-ms-routing-request-id       : EASTUS:20211125T150206Z:faf6a2c1-875e-45d5-9b94-1d716d14c721
Strict-Transport-Security     : max-age=31536000; includeSubDomains
X-Content-Type-Options        : nosniff
Cache-Control                 : no-cache
Date                          : Thu, 25 Nov 2021 15:02:06 GMT

Body:
{
  "value": [
    {
      "id": "/subscriptions/eb682f6e-1934-4ce4-a41e-c78eea352117/resourceGroups/Ayanfe-Resource/providers/Microsoft.Resources/deployments/multiple-RSVaults/operations/C2C58756429BEB90",
      "operationId": "C2C58756429BEB90",
      "properties": {
        "provisioningOperation": "Create",
        "provisioningState": "Failed",
        "timestamp": "2021-11-25T15:02:02.7848733Z",
        "duration": "PT3.280956S",
        "trackingId": "aef5984b-5e13-4a78-9517-d960d62c2851",
        "serviceRequestId": "226793e2-5c1b-4e3e-b986-6c40d1d79595",
        "statusCode": "BadRequest",
        "statusMessage": {
          "status": "Failed",
          "error": {
            "code": "InvalidRestApiParameter",
            "message": "resourceName parameter is invalid. Please provide a valid resourceName"
          }
        },
        "targetResource": {
          "id": "/subscriptions/eb682f6e-1934-4ce4-a41e-c78eea352117/resourceGroups/Ayanfe-Resource/providers/Microsoft.RecoveryServices/vaults/1RSValutfh527dg2imwdy",
          "resourceType": "Microsoft.RecoveryServices/vaults",
          "resourceName": "1RSValutfh527dg2imwdy"
        }
      }
    },
    {
      "id": "/subscriptions/eb682f6e-1934-4ce4-a41e-c78eea352117/resourceGroups/Ayanfe-Resource/providers/Microsoft.Resources/deployments/multiple-RSVaults/operations/1C7A0F0944301626",
      "operationId": "1C7A0F0944301626",
      "properties": {
        "provisioningOperation": "Create",
        "provisioningState": "Failed",
        "timestamp": "2021-11-25T15:02:02.4554537Z",
        "duration": "PT1M16.2719826S",
        "trackingId": "7aa4d8b9-0975-441c-b81c-971ec4b8725c",
        "serviceRequestId": "226793e2-5c1b-4e3e-b986-6c40d1d79595",
        "statusCode": "BadRequest",
        "statusMessage": {
          "status": "Failed",
          "error": {
            "code": "InvalidRestApiParameter",
            "message": "resourceName parameter is invalid. Please provide a valid resourceName"
          }
        },
        "targetResource": {
          "id": "/subscriptions/eb682f6e-1934-4ce4-a41e-c78eea352117/resourceGroups/Ayanfe-Resource/providers/Microsoft.RecoveryServices/vaults/0RSValutfh527dg2imwdy",
          "resourceType": "Microsoft.RecoveryServices/vaults",
          "resourceName": "0RSValutfh527dg2imwdy"
        }
      }
    }
  ]
}


============================ HTTP REQUEST ============================

HTTP Method:
GET

Absolute Uri:
https://management.azure.com/subscriptions/eb682f6e-1934-4ce4-a41e-c78eea352117/resourcegroups/Ayanfe-Resource/providers/Microsoft.Resources/deployments/multiple-RSVaults?api-version=2021-04-01

Headers:
x-ms-client-request-id        : 8ba0941e-5439-49d4-8631-dc14f1595677
accept-language               : en-US

Body:



============================ HTTP RESPONSE ============================

Status Code:
OK

Headers:
Pragma                        : no-cache
x-ms-ratelimit-remaining-subscription-reads: 11970
x-ms-request-id               : 53d3bf4e-1f9a-4093-905e-67cdf6e5116f
x-ms-correlation-request-id   : 53d3bf4e-1f9a-4093-905e-67cdf6e5116f
x-ms-routing-request-id       : EASTUS:20211125T150206Z:53d3bf4e-1f9a-4093-905e-67cdf6e5116f
Strict-Transport-Security     : max-age=31536000; includeSubDomains
X-Content-Type-Options        : nosniff
Cache-Control                 : no-cache
Date                          : Thu, 25 Nov 2021 15:02:06 GMT

Body:
{
  "id": "/subscriptions/eb682f6e-1934-4ce4-a41e-c78eea352117/resourceGroups/Ayanfe-Resource/providers/Microsoft.Resources/deployments/multiple-RSVaults",
  "name": "multiple-RSVaults",
  "type": "Microsoft.Resources/deployments",
  "properties": {
    "templateHash": "15789234063204796096",
    "parameters": {
      "rsVaultCount": {
        "type": "Int",
        "value": 2
      }
    },
    "mode": "Incremental",
    "provisioningState": "Failed",
    "timestamp": "2021-11-25T15:02:02.8950314Z",
    "duration": "PT1M18.6437041S",
    "correlationId": "226793e2-5c1b-4e3e-b986-6c40d1d79595",
    "providers": [
      {
        "namespace": "Microsoft.RecoveryServices",
        "resourceTypes": [
          {
            "resourceType": "vaults",
            "locations": [
              "northeurope"
            ]
          }
        ]
      }
    ],
    "dependencies": [],
    "error": {
      "code": "DeploymentFailed",
      "message": "At least one resource deployment operation failed. Please list deployment operations for details. Please see https://aka.ms/DeployOperations for usage details.",
      "details": [
        {
          "code": "InvalidRestApiParameter",
          "message": "resourceName parameter is invalid. Please provide a valid resourceName"
        },
        {
          "code": "InvalidRestApiParameter",
          "message": "resourceName parameter is invalid. Please provide a valid resourceName"
        }
      ]
    }
  }
}


