Module : Az.Resources
Cmdlet : New-AzResourceGroupDeployment
Parameters
 -ResourceGroupName : Ayanfe-Resource
 -TemplateFile : network-and-subnet.json

============================ HTTP REQUEST ============================

HTTP Method:
GET

Absolute Uri:
https://management.azure.com/subscriptions/eb682f6e-1934-4ce4-a41e-c78eea352117/resourcegroups/Ayanfe-Resource/providers/Microsoft.Resources/deployments/network-and-subnet?api-version=2021-04-01

Headers:
x-ms-client-request-id        : 058f0023-4fb5-49cb-bddd-12175059342b
accept-language               : en-US

Body:



============================ HTTP RESPONSE ============================

Status Code:
OK

Headers:
Pragma                        : no-cache
x-ms-ratelimit-remaining-subscription-reads: 11996
x-ms-request-id               : d6884104-b360-45a8-8f49-0323e38fa21d
x-ms-correlation-request-id   : d6884104-b360-45a8-8f49-0323e38fa21d
x-ms-routing-request-id       : EASTUS:20211125T134327Z:d6884104-b360-45a8-8f49-0323e38fa21d
Strict-Transport-Security     : max-age=31536000; includeSubDomains
X-Content-Type-Options        : nosniff
Cache-Control                 : no-cache
Date                          : Thu, 25 Nov 2021 13:43:26 GMT

Body:
{
  "id": "/subscriptions/eb682f6e-1934-4ce4-a41e-c78eea352117/resourceGroups/Ayanfe-Resource/providers/Microsoft.Resources/deployments/network-and-subnet",
  "name": "network-and-subnet",
  "type": "Microsoft.Resources/deployments",
  "properties": {
    "templateHash": "1248536077251935910",
    "parameters": {},
    "mode": "Incremental",
    "provisioningState": "Failed",
    "timestamp": "2021-11-25T13:43:18.9775639Z",
    "duration": "PT15.4219213S",
    "correlationId": "9d99530f-eaf9-4ef2-ae64-5801c8f3ab6f",
    "providers": [
      {
        "namespace": "Microsoft.Network",
        "resourceTypes": [
          {
            "resourceType": "virtualNetworks",
            "locations": [
              "northeurope"
            ]
          },
          {
            "resourceType": "networkInterfaces",
            "locations": [
              "northeurope"
            ]
          }
        ]
      }
    ],
    "dependencies": [
      {
        "dependsOn": [
          {
            "id": "/subscriptions/eb682f6e-1934-4ce4-a41e-c78eea352117/resourceGroups/Ayanfe-Resource/providers/Microsoft.Network/virtualNetworks/vnetfh527dg2imwdy",
            "resourceType": "Microsoft.Network/virtualNetworks",
            "resourceName": "vnetfh527dg2imwdy"
          }
        ],
        "id": "/subscriptions/eb682f6e-1934-4ce4-a41e-c78eea352117/resourceGroups/Ayanfe-Resource/providers/Microsoft.Network/networkInterfaces/nicfh527dg2imwdy",
        "resourceType": "Microsoft.Network/networkInterfaces",
        "resourceName": "nicfh527dg2imwdy"
      }
    ],
    "error": {
      "code": "DeploymentFailed",
      "message": "At least one resource deployment operation failed. Please list deployment operations for details. Please see https://aka.ms/DeployOperations for usage details.",
      "details": [
        {
          "code": "InvalidResourceReference",
          "message": "Resource /subscriptions/eb682f6e-1934-4ce4-a41e-c78eea352117/resourceGroups/Ayanfe-Resource/providers/Microsoft.Network/virtualNetworks/virtualNetwork1/subnets/subnet1 referenced by resource /subscriptions/eb682f6e-1934-4ce4-a41e-c78eea352117/resourceGroups/Ayanfe-Resource/providers/Microsoft.Network/networkInterfaces/nicfh527dg2imwdy was not found. Please make sure that the referenced resource exists, and that both resources are in the same region."
        }
      ]
    }
  }
}


